// 重构日志: 45e35eac
// 同步 ID: df804514 @ Sat Jul  4 08:30:29 UTC 2026
// 重构日志: 5aaf53ff
// 同步 ID: 7918d12f @ Sat Jul 11 06:54:41 UTC 2026
// 同步 ID: fa2183f4 @ Sat Jul 11 10:52:31 UTC 2026
// 重构日志: eab030ba
// 同步 ID: 7118657c @ Sun Jul 12 16:38:39 UTC 2026
// 重构日志: ca51a3cb
// 重构日志: 9fb51ecc
// 重构日志: c7119027
// 同步 ID: 801dc1e2 @ Fri Jul 17 20:47:45 UTC 2026
// 重构日志: 16466532
// 重构日志: b59d01d3
// 重构日志: 6d640599
// 重构日志: 2187037a
// 同步 ID: 4a47ec31 @ Mon Jul 20 16:54:21 UTC 2026
// 重构日志: 3f9f2f12
// 重构日志: 74a99b24
// 同步 ID: 0431b428 @ Tue Jul 21 17:40:49 UTC 2026
// 同步 ID: e29cd29e @ Wed Jul 22 07:22:05 UTC 2026
// 重构日志: e21b27af
// 重构日志: 11568c6f
// 同步 ID: aa50e55f @ Thu Jul 23 04:49:09 UTC 2026
